[2024-02-27 17:07:01.556] [info] Loaded model Pose2Sim_scaled-scaled from file D:\softs\github_david\Openpose-to-Opensim\Pose_from_simu_draft\Yoga_multi\Model_Pose2Sim_Body25b_scaled_unlocked_small.osim
[2024-02-27 17:07:01.557] [warning] Couldn't find file 'r_pelvis.vtp'.
[2024-02-27 17:07:01.558] [warning] Couldn't find file 'l_pelvis.vtp'.
[2024-02-27 17:07:01.558] [warning] Couldn't find file 'sacrum.vtp'.
[2024-02-27 17:07:01.558] [warning] Couldn't find file 'femur_r.vtp'.
[2024-02-27 17:07:01.558] [warning] Couldn't find file 'r_patella.vtp'.
[2024-02-27 17:07:01.558] [warning] Couldn't find file 'tibia_r.vtp'.
[2024-02-27 17:07:01.558] [warning] Couldn't find file 'fibula_r.vtp'.
[2024-02-27 17:07:01.559] [warning] Couldn't find file 'talus_rv.vtp'.
[2024-02-27 17:07:01.559] [warning] Couldn't find file 'foot.vtp'.
[2024-02-27 17:07:01.559] [warning] Couldn't find file 'bofoot.vtp'.
[2024-02-27 17:07:01.559] [warning] Couldn't find file 'femur_l.vtp'.
[2024-02-27 17:07:01.559] [warning] Couldn't find file 'l_patella.vtp'.
[2024-02-27 17:07:01.559] [warning] Couldn't find file 'tibia_l.vtp'.
[2024-02-27 17:07:01.560] [warning] Couldn't find file 'fibula_l.vtp'.
[2024-02-27 17:07:01.560] [warning] Couldn't find file 'talus_lv.vtp'.
[2024-02-27 17:07:01.560] [warning] Couldn't find file 'l_foot.vtp'.
[2024-02-27 17:07:01.560] [warning] Couldn't find file 'l_bofoot.vtp'.
[2024-02-27 17:07:01.560] [warning] Couldn't find file 'lumbar5.vtp'.
[2024-02-27 17:07:01.560] [warning] Couldn't find file 'lumbar4.vtp'.
[2024-02-27 17:07:01.560] [warning] Couldn't find file 'lumbar3.vtp'.
[2024-02-27 17:07:01.561] [warning] Couldn't find file 'lumbar2.vtp'.
[2024-02-27 17:07:01.561] [warning] Couldn't find file 'lumbar1.vtp'.
[2024-02-27 17:07:01.561] [warning] Couldn't find file 'cerv1sm.vtp'.
[2024-02-27 17:07:01.561] [warning] Couldn't find file 'cerv2sm.vtp'.
[2024-02-27 17:07:01.561] [warning] Couldn't find file 'cerv3sm.vtp'.
[2024-02-27 17:07:01.561] [warning] Couldn't find file 'cerv4sm.vtp'.
[2024-02-27 17:07:01.561] [warning] Couldn't find file 'cerv5sm.vtp'.
[2024-02-27 17:07:01.561] [warning] Couldn't find file 'cerv6sm.vtp'.
[2024-02-27 17:07:01.562] [warning] Couldn't find file 'cerv7.vtp'.
[2024-02-27 17:07:01.562] [warning] Couldn't find file 'thoracic12_s.vtp'.
[2024-02-27 17:07:01.562] [warning] Couldn't find file 'thoracic11_s.vtp'.
[2024-02-27 17:07:01.562] [warning] Couldn't find file 'thoracic10_s.vtp'.
[2024-02-27 17:07:01.562] [warning] Couldn't find file 'thoracic9_s.vtp'.
[2024-02-27 17:07:01.562] [warning] Couldn't find file 'thoracic8_s.vtp'.
[2024-02-27 17:07:01.562] [warning] Couldn't find file 'thoracic7_s.vtp'.
[2024-02-27 17:07:01.562] [warning] Couldn't find file 'thoracic6_s.vtp'.
[2024-02-27 17:07:01.563] [warning] Couldn't find file 'thoracic5_s.vtp'.
[2024-02-27 17:07:01.563] [warning] Couldn't find file 'thoracic4_s.vtp'.
[2024-02-27 17:07:01.563] [warning] Couldn't find file 'thoracic3_s.vtp'.
[2024-02-27 17:07:01.563] [warning] Couldn't find file 'thoracic2_s.vtp'.
[2024-02-27 17:07:01.563] [warning] Couldn't find file 'thoracic1_s.vtp'.
[2024-02-27 17:07:01.563] [warning] Couldn't find file 'hat_ribs_scap.vtp'.
[2024-02-27 17:07:01.564] [warning] Couldn't find file 'hat_jaw.vtp'.
[2024-02-27 17:07:01.564] [warning] Couldn't find file 'hat_skull.vtp'.
[2024-02-27 17:07:01.564] [warning] Couldn't find file 'humerus_rv.vtp'.
[2024-02-27 17:07:01.564] [warning] Couldn't find file 'ulna_rv.vtp'.
[2024-02-27 17:07:01.564] [warning] Couldn't find file 'radius_rv.vtp'.
[2024-02-27 17:07:01.564] [warning] Couldn't find file 'pisiform_rvs.vtp'.
[2024-02-27 17:07:01.564] [warning] Couldn't find file 'lunate_rvs.vtp'.
[2024-02-27 17:07:01.565] [warning] Couldn't find file 'scaphoid_rvs.vtp'.
[2024-02-27 17:07:01.565] [warning] Couldn't find file 'triquetrum_rvs.vtp'.
[2024-02-27 17:07:01.565] [warning] Couldn't find file 'hamate_rvs.vtp'.
[2024-02-27 17:07:01.565] [warning] Couldn't find file 'capitate_rvs.vtp'.
[2024-02-27 17:07:01.565] [warning] Couldn't find file 'trapezoid_rvs.vtp'.
[2024-02-27 17:07:01.565] [warning] Couldn't find file 'trapezium_rvs.vtp'.
[2024-02-27 17:07:01.565] [warning] Couldn't find file 'metacarpal2_rvs.vtp'.
[2024-02-27 17:07:01.565] [warning] Couldn't find file 'index_proximal_rvs.vtp'.
[2024-02-27 17:07:01.565] [warning] Couldn't find file 'index_medial_rvs.vtp'.
[2024-02-27 17:07:01.566] [warning] Couldn't find file 'index_distal_rvs.vtp'.
[2024-02-27 17:07:01.566] [warning] Couldn't find file 'metacarpal3_rvs.vtp'.
[2024-02-27 17:07:01.566] [warning] Couldn't find file 'middle_proximal_rvs.vtp'.
[2024-02-27 17:07:01.566] [warning] Couldn't find file 'middle_medial_rvs.vtp'.
[2024-02-27 17:07:01.566] [warning] Couldn't find file 'middle_distal_rvs.vtp'.
[2024-02-27 17:07:01.566] [warning] Couldn't find file 'metacarpal4_rvs.vtp'.
[2024-02-27 17:07:01.566] [warning] Couldn't find file 'ring_proximal_rvs.vtp'.
[2024-02-27 17:07:01.566] [warning] Couldn't find file 'ring_medial_rvs.vtp'.
[2024-02-27 17:07:01.567] [warning] Couldn't find file 'ring_distal_rvs.vtp'.
[2024-02-27 17:07:01.567] [warning] Couldn't find file 'metacarpal5_rvs.vtp'.
[2024-02-27 17:07:01.567] [warning] Couldn't find file 'little_proximal_rvs.vtp'.
[2024-02-27 17:07:01.567] [warning] Couldn't find file 'little_medial_rvs.vtp'.
[2024-02-27 17:07:01.567] [warning] Couldn't find file 'little_distal_rvs.vtp'.
[2024-02-27 17:07:01.567] [warning] Couldn't find file 'metacarpal1_rvs.vtp'.
[2024-02-27 17:07:01.567] [warning] Couldn't find file 'thumb_proximal_rvs.vtp'.
[2024-02-27 17:07:01.567] [warning] Couldn't find file 'thumb_distal_rvs.vtp'.
[2024-02-27 17:07:01.567] [warning] Couldn't find file 'humerus_lv.vtp'.
[2024-02-27 17:07:01.568] [warning] Couldn't find file 'ulna_lv.vtp'.
[2024-02-27 17:07:01.568] [warning] Couldn't find file 'radius_lv.vtp'.
[2024-02-27 17:07:01.568] [warning] Couldn't find file 'pisiform_lvs.vtp'.
[2024-02-27 17:07:01.568] [warning] Couldn't find file 'lunate_lvs.vtp'.
[2024-02-27 17:07:01.568] [warning] Couldn't find file 'scaphoid_lvs.vtp'.
[2024-02-27 17:07:01.568] [warning] Couldn't find file 'triquetrum_lvs.vtp'.
[2024-02-27 17:07:01.568] [warning] Couldn't find file 'hamate_lvs.vtp'.
[2024-02-27 17:07:01.569] [warning] Couldn't find file 'capitate_lvs.vtp'.
[2024-02-27 17:07:01.569] [warning] Couldn't find file 'trapezoid_lvs.vtp'.
[2024-02-27 17:07:01.569] [warning] Couldn't find file 'trapezium_lvs.vtp'.
[2024-02-27 17:07:01.569] [warning] Couldn't find file 'metacarpal2_lvs.vtp'.
[2024-02-27 17:07:01.569] [warning] Couldn't find file 'index_proximal_lvs.vtp'.
[2024-02-27 17:07:01.569] [warning] Couldn't find file 'index_medial_lvs.vtp'.
[2024-02-27 17:07:01.569] [warning] Couldn't find file 'index_distal_lvs.vtp'.
[2024-02-27 17:07:01.569] [warning] Couldn't find file 'metacarpal3_lvs.vtp'.
[2024-02-27 17:07:01.569] [warning] Couldn't find file 'middle_proximal_lvs.vtp'.
[2024-02-27 17:07:01.570] [warning] Couldn't find file 'middle_medial_lvs.vtp'.
[2024-02-27 17:07:01.570] [warning] Couldn't find file 'middle_distal_lvs.vtp'.
[2024-02-27 17:07:01.570] [warning] Couldn't find file 'metacarpal4_lvs.vtp'.
[2024-02-27 17:07:01.570] [warning] Couldn't find file 'ring_proximal_lvs.vtp'.
[2024-02-27 17:07:01.570] [warning] Couldn't find file 'ring_medial_lvs.vtp'.
[2024-02-27 17:07:01.570] [warning] Couldn't find file 'ring_distal_lvs.vtp'.
[2024-02-27 17:07:01.570] [warning] Couldn't find file 'metacarpal5_lvs.vtp'.
[2024-02-27 17:07:01.570] [warning] Couldn't find file 'little_proximal_lvs.vtp'.
[2024-02-27 17:07:01.570] [warning] Couldn't find file 'little_medial_lvs.vtp'.
[2024-02-27 17:07:01.571] [warning] Couldn't find file 'little_distal_lvs.vtp'.
[2024-02-27 17:07:01.571] [warning] Couldn't find file 'metacarpal1_lvs.vtp'.
[2024-02-27 17:07:01.571] [warning] Couldn't find file 'thumb_proximal_lvs.vtp'.
[2024-02-27 17:07:01.571] [warning] Couldn't find file 'thumb_distal_lvs.vtp'.
[2024-02-27 17:07:01.823] [warning] Coordinate.setValue:  coordinate pro_sup_r is locked. Unable to change its value.
[2024-02-27 17:07:01.894] [warning] Coordinate.setValue:  coordinate pro_sup_l is locked. Unable to change its value.
[2024-02-27 22:25:04.903] [info] Loaded model Pose2Sim_scaled-scaled from file D:\softs\github_david\Openpose-to-Opensim\Pose_from_simu_draft\Yoga_multi\Model_Pose2Sim_Body25b_scaled_unlocked_small.osim
[2024-02-27 22:25:04.904] [warning] Couldn't find file 'r_pelvis.vtp'.
[2024-02-27 22:25:04.904] [warning] Couldn't find file 'l_pelvis.vtp'.
[2024-02-27 22:25:04.905] [warning] Couldn't find file 'sacrum.vtp'.
[2024-02-27 22:25:04.905] [warning] Couldn't find file 'femur_r.vtp'.
[2024-02-27 22:25:04.905] [warning] Couldn't find file 'r_patella.vtp'.
[2024-02-27 22:25:04.905] [warning] Couldn't find file 'tibia_r.vtp'.
[2024-02-27 22:25:04.906] [warning] Couldn't find file 'fibula_r.vtp'.
[2024-02-27 22:25:04.906] [warning] Couldn't find file 'talus_rv.vtp'.
[2024-02-27 22:25:04.906] [warning] Couldn't find file 'foot.vtp'.
[2024-02-27 22:25:04.906] [warning] Couldn't find file 'bofoot.vtp'.
[2024-02-27 22:25:04.907] [warning] Couldn't find file 'femur_l.vtp'.
[2024-02-27 22:25:04.907] [warning] Couldn't find file 'l_patella.vtp'.
[2024-02-27 22:25:04.907] [warning] Couldn't find file 'tibia_l.vtp'.
[2024-02-27 22:25:04.907] [warning] Couldn't find file 'fibula_l.vtp'.
[2024-02-27 22:25:04.908] [warning] Couldn't find file 'talus_lv.vtp'.
[2024-02-27 22:25:04.908] [warning] Couldn't find file 'l_foot.vtp'.
[2024-02-27 22:25:04.908] [warning] Couldn't find file 'l_bofoot.vtp'.
[2024-02-27 22:25:04.908] [warning] Couldn't find file 'lumbar5.vtp'.
[2024-02-27 22:25:04.908] [warning] Couldn't find file 'lumbar4.vtp'.
[2024-02-27 22:25:04.909] [warning] Couldn't find file 'lumbar3.vtp'.
[2024-02-27 22:25:04.909] [warning] Couldn't find file 'lumbar2.vtp'.
[2024-02-27 22:25:04.909] [warning] Couldn't find file 'lumbar1.vtp'.
[2024-02-27 22:25:04.909] [warning] Couldn't find file 'cerv1sm.vtp'.
[2024-02-27 22:25:04.910] [warning] Couldn't find file 'cerv2sm.vtp'.
[2024-02-27 22:25:04.910] [warning] Couldn't find file 'cerv3sm.vtp'.
[2024-02-27 22:25:04.910] [warning] Couldn't find file 'cerv4sm.vtp'.
[2024-02-27 22:25:04.910] [warning] Couldn't find file 'cerv5sm.vtp'.
[2024-02-27 22:25:04.910] [warning] Couldn't find file 'cerv6sm.vtp'.
[2024-02-27 22:25:04.911] [warning] Couldn't find file 'cerv7.vtp'.
[2024-02-27 22:25:04.911] [warning] Couldn't find file 'thoracic12_s.vtp'.
[2024-02-27 22:25:04.911] [warning] Couldn't find file 'thoracic11_s.vtp'.
[2024-02-27 22:25:04.911] [warning] Couldn't find file 'thoracic10_s.vtp'.
[2024-02-27 22:25:04.911] [warning] Couldn't find file 'thoracic9_s.vtp'.
[2024-02-27 22:25:04.912] [warning] Couldn't find file 'thoracic8_s.vtp'.
[2024-02-27 22:25:04.912] [warning] Couldn't find file 'thoracic7_s.vtp'.
[2024-02-27 22:25:04.912] [warning] Couldn't find file 'thoracic6_s.vtp'.
[2024-02-27 22:25:04.912] [warning] Couldn't find file 'thoracic5_s.vtp'.
[2024-02-27 22:25:04.912] [warning] Couldn't find file 'thoracic4_s.vtp'.
[2024-02-27 22:25:04.913] [warning] Couldn't find file 'thoracic3_s.vtp'.
[2024-02-27 22:25:04.913] [warning] Couldn't find file 'thoracic2_s.vtp'.
[2024-02-27 22:25:04.913] [warning] Couldn't find file 'thoracic1_s.vtp'.
[2024-02-27 22:25:04.913] [warning] Couldn't find file 'hat_ribs_scap.vtp'.
[2024-02-27 22:25:04.913] [warning] Couldn't find file 'hat_jaw.vtp'.
[2024-02-27 22:25:04.913] [warning] Couldn't find file 'hat_skull.vtp'.
[2024-02-27 22:25:04.914] [warning] Couldn't find file 'humerus_rv.vtp'.
[2024-02-27 22:25:04.914] [warning] Couldn't find file 'ulna_rv.vtp'.
[2024-02-27 22:25:04.914] [warning] Couldn't find file 'radius_rv.vtp'.
[2024-02-27 22:25:04.914] [warning] Couldn't find file 'pisiform_rvs.vtp'.
[2024-02-27 22:25:04.914] [warning] Couldn't find file 'lunate_rvs.vtp'.
[2024-02-27 22:25:04.914] [warning] Couldn't find file 'scaphoid_rvs.vtp'.
[2024-02-27 22:25:04.915] [warning] Couldn't find file 'triquetrum_rvs.vtp'.
[2024-02-27 22:25:04.915] [warning] Couldn't find file 'hamate_rvs.vtp'.
[2024-02-27 22:25:04.915] [warning] Couldn't find file 'capitate_rvs.vtp'.
[2024-02-27 22:25:04.915] [warning] Couldn't find file 'trapezoid_rvs.vtp'.
[2024-02-27 22:25:04.915] [warning] Couldn't find file 'trapezium_rvs.vtp'.
[2024-02-27 22:25:04.916] [warning] Couldn't find file 'metacarpal2_rvs.vtp'.
[2024-02-27 22:25:04.916] [warning] Couldn't find file 'index_proximal_rvs.vtp'.
[2024-02-27 22:25:04.916] [warning] Couldn't find file 'index_medial_rvs.vtp'.
[2024-02-27 22:25:04.916] [warning] Couldn't find file 'index_distal_rvs.vtp'.
[2024-02-27 22:25:04.916] [warning] Couldn't find file 'metacarpal3_rvs.vtp'.
[2024-02-27 22:25:04.917] [warning] Couldn't find file 'middle_proximal_rvs.vtp'.
[2024-02-27 22:25:04.917] [warning] Couldn't find file 'middle_medial_rvs.vtp'.
[2024-02-27 22:25:04.917] [warning] Couldn't find file 'middle_distal_rvs.vtp'.
[2024-02-27 22:25:04.917] [warning] Couldn't find file 'metacarpal4_rvs.vtp'.
[2024-02-27 22:25:04.917] [warning] Couldn't find file 'ring_proximal_rvs.vtp'.
[2024-02-27 22:25:04.917] [warning] Couldn't find file 'ring_medial_rvs.vtp'.
[2024-02-27 22:25:04.917] [warning] Couldn't find file 'ring_distal_rvs.vtp'.
[2024-02-27 22:25:04.917] [warning] Couldn't find file 'metacarpal5_rvs.vtp'.
[2024-02-27 22:25:04.918] [warning] Couldn't find file 'little_proximal_rvs.vtp'.
[2024-02-27 22:25:04.918] [warning] Couldn't find file 'little_medial_rvs.vtp'.
[2024-02-27 22:25:04.918] [warning] Couldn't find file 'little_distal_rvs.vtp'.
[2024-02-27 22:25:04.918] [warning] Couldn't find file 'metacarpal1_rvs.vtp'.
[2024-02-27 22:25:04.918] [warning] Couldn't find file 'thumb_proximal_rvs.vtp'.
[2024-02-27 22:25:04.918] [warning] Couldn't find file 'thumb_distal_rvs.vtp'.
[2024-02-27 22:25:04.918] [warning] Couldn't find file 'humerus_lv.vtp'.
[2024-02-27 22:25:04.918] [warning] Couldn't find file 'ulna_lv.vtp'.
[2024-02-27 22:25:04.919] [warning] Couldn't find file 'radius_lv.vtp'.
[2024-02-27 22:25:04.919] [warning] Couldn't find file 'pisiform_lvs.vtp'.
[2024-02-27 22:25:04.919] [warning] Couldn't find file 'lunate_lvs.vtp'.
[2024-02-27 22:25:04.919] [warning] Couldn't find file 'scaphoid_lvs.vtp'.
[2024-02-27 22:25:04.919] [warning] Couldn't find file 'triquetrum_lvs.vtp'.
[2024-02-27 22:25:04.919] [warning] Couldn't find file 'hamate_lvs.vtp'.
[2024-02-27 22:25:04.919] [warning] Couldn't find file 'capitate_lvs.vtp'.
[2024-02-27 22:25:04.919] [warning] Couldn't find file 'trapezoid_lvs.vtp'.
[2024-02-27 22:25:04.920] [warning] Couldn't find file 'trapezium_lvs.vtp'.
[2024-02-27 22:25:04.920] [warning] Couldn't find file 'metacarpal2_lvs.vtp'.
[2024-02-27 22:25:04.920] [warning] Couldn't find file 'index_proximal_lvs.vtp'.
[2024-02-27 22:25:04.920] [warning] Couldn't find file 'index_medial_lvs.vtp'.
[2024-02-27 22:25:04.920] [warning] Couldn't find file 'index_distal_lvs.vtp'.
[2024-02-27 22:25:04.920] [warning] Couldn't find file 'metacarpal3_lvs.vtp'.
[2024-02-27 22:25:04.920] [warning] Couldn't find file 'middle_proximal_lvs.vtp'.
[2024-02-27 22:25:04.921] [warning] Couldn't find file 'middle_medial_lvs.vtp'.
[2024-02-27 22:25:04.921] [warning] Couldn't find file 'middle_distal_lvs.vtp'.
[2024-02-27 22:25:04.921] [warning] Couldn't find file 'metacarpal4_lvs.vtp'.
[2024-02-27 22:25:04.921] [warning] Couldn't find file 'ring_proximal_lvs.vtp'.
[2024-02-27 22:25:04.921] [warning] Couldn't find file 'ring_medial_lvs.vtp'.
[2024-02-27 22:25:04.921] [warning] Couldn't find file 'ring_distal_lvs.vtp'.
[2024-02-27 22:25:04.922] [warning] Couldn't find file 'metacarpal5_lvs.vtp'.
[2024-02-27 22:25:04.922] [warning] Couldn't find file 'little_proximal_lvs.vtp'.
[2024-02-27 22:25:04.922] [warning] Couldn't find file 'little_medial_lvs.vtp'.
[2024-02-27 22:25:04.922] [warning] Couldn't find file 'little_distal_lvs.vtp'.
[2024-02-27 22:25:04.922] [warning] Couldn't find file 'metacarpal1_lvs.vtp'.
[2024-02-27 22:25:04.923] [warning] Couldn't find file 'thumb_proximal_lvs.vtp'.
[2024-02-27 22:25:04.923] [warning] Couldn't find file 'thumb_distal_lvs.vtp'.
[2024-02-27 22:25:05.163] [warning] Coordinate.setValue:  coordinate pro_sup_r is locked. Unable to change its value.
[2024-02-27 22:25:05.229] [warning] Coordinate.setValue:  coordinate pro_sup_l is locked. Unable to change its value.
